Tue Aug 22 17:38:41 CEST 2023 testnet 0.0.642397 HelloWorld
Tue Aug 22 17:40:08 CEST 2023 testnet 0.0.642426 HelloSwarm
Tue Aug 22 17:40:28 CEST 2023 testnet 0.0.642437 HelloWorld
Tue Aug 22 17:40:41 CEST 2023 testnet 0.0.642443 Token
Fri Aug 25 15:36:25 CEST 2023 previewnet 0.0.2659 HelloSwarm
Fri Aug 25 15:36:35 CEST 2023 previewnet 0.0.2661 HelloWorld
Fri Aug 25 15:36:38 CEST 2023 previewnet 0.0.2662 Token
Fri Aug 25 15:36:40 CEST 2023 previewnet 0.0.2663 Account
Fri Aug 25 15:36:55 CEST 2023 previewnet 0.0.2665 HTS
Fri Aug 25 15:37:01 CEST 2023 previewnet 0.0.2667 TestError
Fri Aug 25 15:37:11 CEST 2023 previewnet 0.0.2669 TestEvent
Fri Aug 25 15:38:30 CEST 2023 previewnet 0.0.2671 Nayms
Fri Aug 25 15:39:17 CEST 2023 previewnet 0.0.2676 DAO
Fri Sep 15 19:06:34 CEST 2023 previewnet 0.0.103053 HelloSwarm
Fri Sep 15 19:06:43 CEST 2023 previewnet 0.0.103055 HelloWorld
Fri Sep 15 19:06:45 CEST 2023 previewnet 0.0.103056 Token
Fri Sep 15 19:06:48 CEST 2023 previewnet 0.0.103057 Account
Fri Sep 15 19:07:01 CEST 2023 previewnet 0.0.103061 HTS
Fri Sep 15 19:07:07 CEST 2023 previewnet 0.0.103063 TestError
Fri Sep 15 19:07:18 CEST 2023 previewnet 0.0.103065 TestEvent
Fri Sep 15 19:08:28 CEST 2023 previewnet 0.0.103067 Nayms
Fri Sep 15 19:09:15 CEST 2023 previewnet 0.0.103072 DAO
Tue Sep 19 12:24:52 CEST 2023 previewnet 0.0.136275 HelloSwarm
Tue Sep 19 12:25:01 CEST 2023 previewnet 0.0.136283 HelloWorld
Tue Sep 19 12:25:04 CEST 2023 previewnet 0.0.136284 Token
Tue Sep 19 12:25:06 CEST 2023 previewnet 0.0.136287 Account
Tue Sep 19 12:25:19 CEST 2023 previewnet 0.0.136292 HTS
Tue Sep 19 12:25:25 CEST 2023 previewnet 0.0.136296 TestError
Tue Sep 19 12:25:35 CEST 2023 previewnet 0.0.136301 TestEvent
Tue Sep 19 12:26:37 CEST 2023 previewnet 0.0.136324 Nayms
Tue Sep 19 12:27:22 CEST 2023 previewnet 0.0.136341 DAO
Tue Sep 19 16:15:37 CEST 2023 previewnet 0.0.138299 HelloSwarm
Tue Sep 19 16:15:47 CEST 2023 previewnet 0.0.138301 HelloWorld
Tue Sep 19 16:15:48 CEST 2023 previewnet 0.0.138302 Token
Tue Sep 19 16:15:51 CEST 2023 previewnet 0.0.138303 Account
Tue Sep 19 16:16:05 CEST 2023 previewnet 0.0.138305 HTS
Tue Sep 19 16:16:11 CEST 2023 previewnet 0.0.138307 TestError
Tue Sep 19 16:16:20 CEST 2023 previewnet 0.0.138309 TestEvent
Tue Sep 19 16:17:29 CEST 2023 previewnet 0.0.138311 Nayms
Tue Sep 19 16:18:16 CEST 2023 previewnet 0.0.138316 DAO
Tue Sep 19 19:07:53 CEST 2023 previewnet 0.0.138561 HelloSwarm
Tue Sep 19 19:08:03 CEST 2023 previewnet 0.0.138563 HelloWorld
Tue Sep 19 19:08:05 CEST 2023 previewnet 0.0.138564 Token
Tue Sep 19 19:08:07 CEST 2023 previewnet 0.0.138565 Account
Tue Sep 19 19:08:21 CEST 2023 previewnet 0.0.138567 HTS
Tue Sep 19 19:08:26 CEST 2023 previewnet 0.0.138569 TestError
Tue Sep 19 19:08:35 CEST 2023 previewnet 0.0.138571 TestEvent
Tue Sep 19 19:09:49 CEST 2023 previewnet 0.0.138573 Nayms
Tue Sep 19 19:10:30 CEST 2023 previewnet 0.0.138578 DAO

Wed Sep 20 12:24:16 CEST 2023 previewnet 0.0.141642 HelloSwarm
Wed Sep 20 12:24:26 CEST 2023 previewnet 0.0.141646 HelloWorld
Wed Sep 20 12:24:29 CEST 2023 previewnet 0.0.141648 Token
Wed Sep 20 12:24:32 CEST 2023 previewnet 0.0.141650 Account
Wed Sep 20 12:24:44 CEST 2023 previewnet 0.0.141655 HTS
Wed Sep 20 12:24:50 CEST 2023 previewnet 0.0.141657 TestError
Wed Sep 20 12:24:58 CEST 2023 previewnet 0.0.141661 TestEvent
Wed Sep 20 12:26:08 CEST 2023 previewnet 0.0.141684 Nayms
Wed Sep 20 12:26:57 CEST 2023 previewnet 0.0.141705 DAO

Wed Sep 20 12:32:13 CEST 2023 previewnet 0.0.141814 HelloWorld
Wed Sep 20 12:32:16 CEST 2023 previewnet 0.0.141816 Token
Wed Sep 20 12:32:18 CEST 2023 previewnet 0.0.141818 Account
Wed Sep 20 12:32:32 CEST 2023 previewnet 0.0.141823 HTS
Wed Sep 20 12:33:47 CEST 2023 previewnet 0.0.141859 Nayms

Wed Sep 20 12:34:17 CEST 2023 previewnet 0.0.141885 HelloWorld
Wed Sep 20 12:34:20 CEST 2023 previewnet 0.0.141887 Token
Wed Sep 20 12:34:22 CEST 2023 previewnet 0.0.141893 Account
Wed Sep 20 12:34:36 CEST 2023 previewnet 0.0.141901 HTS
Wed Sep 20 12:35:42 CEST 2023 previewnet 0.0.141923 Nayms

Wed Sep 20 12:35:55 CEST 2023 previewnet 0.0.141932 HelloWorld
Wed Sep 20 12:35:57 CEST 2023 previewnet 0.0.141935 Token
Wed Sep 20 12:35:59 CEST 2023 previewnet 0.0.141936 Account
Wed Sep 20 12:36:13 CEST 2023 previewnet 0.0.141942 HTS
Wed Sep 20 12:37:23 CEST 2023 previewnet 0.0.141972 Nayms

Wed Sep 20 12:40:08 CEST 2023 previewnet 0.0.142013 HelloWorld
Wed Sep 20 12:40:11 CEST 2023 previewnet 0.0.142014 Token
Wed Sep 20 12:40:13 CEST 2023 previewnet 0.0.142015 Account
Wed Sep 20 12:40:25 CEST 2023 previewnet 0.0.142019 HTS
Wed Sep 20 12:41:38 CEST 2023 previewnet 0.0.142029 Nayms

Wed Sep 20 13:29:05 CEST 2023 previewnet 0.0.142716 HelloWorld
Wed Sep 20 13:29:08 CEST 2023 previewnet 0.0.142720 Token
Wed Sep 20 13:29:10 CEST 2023 previewnet 0.0.142722 Account
Wed Sep 20 13:29:24 CEST 2023 previewnet 0.0.142724 HTS
Wed Sep 20 13:30:34 CEST 2023 previewnet 0.0.142744 Nayms
Wed Sep 20 15:44:36 CEST 2023 previewnet 0.0.143697 HelloWorld
Wed Sep 20 15:44:38 CEST 2023 previewnet 0.0.143698 Token
Wed Sep 20 15:44:40 CEST 2023 previewnet 0.0.143699 Account
Wed Sep 20 15:44:53 CEST 2023 previewnet 0.0.143701 HTS
Wed Sep 20 15:46:06 CEST 2023 previewnet 0.0.143703 Nayms
